<?xml version="1.0" encoding="UTF-8"?>
<!-- Generated by org.testng.reporters.JUnitReportReporter -->
<testsuite hostname="Govardhan-Reddy" failures="0" tests="1" name="regression_testing.Validate_Login" time="6.546" errors="0" timestamp="2022-04-26T15:25:05 IST" skipped="0">
  <testcase classname="regression_testing.Validate_Login" name="loginTest" time="6.546"/>
  <system-out/>
</testsuite> <!-- regression_testing.Validate_Login -->
