<?xml version="1.0" encoding="UTF-8"?>
<!-- Generated by org.testng.reporters.JUnitReportReporter -->
<testsuite hostname="Govardhan-Reddy" failures="0" tests="1" name="testcases.TestOutPut" time="11.275" errors="0" timestamp="2022-05-03T15:26:23 IST" skipped="0">
  <testcase classname="testcases.TestOutPut" name="firstTest" time="11.275"/>
  <system-out/>
</testsuite> <!-- testcases.TestOutPut -->
