<?xml version="1.0" encoding="UTF-8"?>
<!-- Generated by org.testng.reporters.JUnitReportReporter -->
<testsuite hostname="Govardhan-Reddy" failures="0" tests="1" name="regression_testing.SearchPageTest" time="19.520" errors="0" timestamp="2022-05-13T15:41:16 IST" skipped="0">
  <testcase classname="regression_testing.SearchPageTest" name="searchHotel" time="19.520"/>
  <system-out/>
</testsuite> <!-- regression_testing.SearchPageTest -->
