<?xml version="1.0" encoding="UTF-8"?>
<!-- Generated by org.testng.reporters.JUnitReportReporter -->
<testsuite hostname="Govardhan-Reddy" failures="0" tests="1" name="regression_testing.AdactLoginPage" time="0.000" errors="0" timestamp="2022-05-04T22:06:04 IST" skipped="1">
  <testcase classname="regression_testing.AdactLoginPage" name="sampleLogin" time="0.000">
    <skipped/>
  </testcase> <!-- sampleLogin -->
  <system-out/>
</testsuite> <!-- regression_testing.AdactLoginPage -->
