<?xml version="1.0" encoding="UTF-8"?>
<!-- Generated by org.testng.reporters.JUnitReportReporter -->
<testsuite hostname="Govardhan-Reddy" failures="0" tests="1" name="regression_testing.LoginPageTest" time="0.000" errors="0" timestamp="2022-05-11T15:01:30 IST" skipped="1">
  <testcase classname="regression_testing.LoginPageTest" name="doLogin" time="0.000">
    <skipped/>
  </testcase> <!-- doLogin -->
  <system-out/>
</testsuite> <!-- regression_testing.LoginPageTest -->
