<?xml version="1.0" encoding="UTF-8"?>
<!-- Generated by org.testng.reporters.JUnitReportReporter -->
<testsuite hostname="Govardhan-Reddy" failures="0" tests="1" name="testcases.HomePage" time="18.805" errors="0" timestamp="2022-04-29T07:02:21 IST" skipped="0">
  <testcase classname="testcases.HomePage" name="testcaseOne" time="18.805"/>
  <system-out/>
</testsuite> <!-- testcases.HomePage -->
