<?xml version="1.0" encoding="UTF-8"?>
<!-- Generated by org.testng.reporters.JUnitReportReporter -->
<testsuite hostname="Govardhan-Reddy" failures="0" tests="1" name="regression_testing.SearchPageTest" time="14.342" errors="0" timestamp="2022-05-07T09:28:48 IST" skipped="0">
  <testcase classname="regression_testing.SearchPageTest" name="searchHotel" time="14.342"/>
  <system-out/>
</testsuite> <!-- regression_testing.SearchPageTest -->
