<?xml version="1.0" encoding="UTF-8"?>
<!-- Generated by org.testng.reporters.JUnitReportReporter -->
<testsuite hostname="Govardhan-Reddy" failures="0" tests="1" name="regression_testing.SearchPageTest" time="64.618" errors="0" timestamp="2022-05-05T12:27:10 IST" skipped="0">
  <testcase classname="regression_testing.SearchPageTest" name="searchHotel" time="64.618"/>
  <system-out/>
</testsuite> <!-- regression_testing.SearchPageTest -->
