<?xml version="1.0" encoding="UTF-8"?>
<!-- Generated by org.testng.reporters.JUnitReportReporter -->
<testsuite hostname="Govardhan-Reddy" failures="0" tests="1" name="regression_testing.SelectPageTesting" time="55.752" errors="0" timestamp="2022-04-26T16:15:06 IST" skipped="0">
  <testcase classname="regression_testing.SelectPageTesting" name="loginTest" time="55.752"/>
  <system-out/>
</testsuite> <!-- regression_testing.SelectPageTesting -->
